<?xml version="1.0" encoding="UTF-8"?><testsuite errors="0" failures="0" name="io.swagger.petstore.crudtests.PetsCRUDTest" skipped="0" tests="4" time="11.46" timestamp="2023-01-10T22:55:23.156Z[Europe/London]"><testcase classname="io.swagger.petstore.crudtests.PetsCRUDTest" name="This will create new Pet"/><testcase classname="io.swagger.petstore.crudtests.PetsCRUDTest" name="Verify pet was created"/><testcase classname="io.swagger.petstore.crudtests.PetsCRUDTest" name="Update the pet info"/><testcase classname="io.swagger.petstore.crudtests.PetsCRUDTest" name="Delete the pet"/></testsuite>