<?xml version="1.0" encoding="UTF-8"?><testsuite errors="0" failures="0" name="io.swagger.petstore.crudtests.UsersCRUDTest" skipped="0" tests="4" time="2.87" timestamp="2023-01-10T22:55:35.440Z[Europe/London]"><testcase classname="io.swagger.petstore.crudtests.UsersCRUDTest" name="This test will Create a new User"/><testcase classname="io.swagger.petstore.crudtests.UsersCRUDTest" name="Verify user is added"/><testcase classname="io.swagger.petstore.crudtests.UsersCRUDTest" name="Update the user information and verify the updated information"/><testcase classname="io.swagger.petstore.crudtests.UsersCRUDTest" name="Verify user was deleted"/></testsuite>